2018-04-05 11:38:45,294 [      1]   INFO -        #com.intellij.idea.Main - ------------------------------------------------------ IDE STARTED ------------------------------------------------------ 
2018-04-05 11:38:45,791 [    498]   INFO -        #com.intellij.idea.Main - IDE: IntelliJ IDEA (build #IC-181.4203.550, 26 Mar 2018 21:45) 
2018-04-05 11:38:45,791 [    498]   INFO -        #com.intellij.idea.Main - OS: Mac OS X (10.13.3, x86_64) 
2018-04-05 11:38:45,791 [    498]   INFO -        #com.intellij.idea.Main - JRE: 1.8.0_152-release-1136-b20 (JetBrains s.r.o) 
2018-04-05 11:38:45,792 [    499]   INFO -        #com.intellij.idea.Main - JVM: 25.152-b20 (OpenJDK 64-Bit Server VM) 
2018-04-05 11:38:45,808 [    515]   INFO -        #com.intellij.idea.Main - JVM Args: -Dapple.laf.useScreenMenuBar=true -Didea.classpath.index.enabled=false -Didea.config.path=/Users/jackkenlay/personal/adobe-aem-plugin/build/idea-sandbox/config -Didea.is.internal=true -Didea.platform.prefix=Idea -Didea.plugins.path=/Users/jackkenlay/personal/adobe-aem-plugin/build/idea-sandbox/plugins -Didea.required.plugins.id=org.jetbrains -Didea.smooth.progress=false -Didea.system.path=/Users/jackkenlay/personal/adobe-aem-plugin/build/idea-sandbox/system -XX:MaxPermSize=250m -Xms256m -Xmx512m -Dfile.encoding=UTF-8 -Duser.country=GB -Duser.language=en -Duser.variant -ea 
2018-04-05 11:38:45,808 [    515]   INFO -        #com.intellij.idea.Main - ext: /Users/jackkenlay/.gradle/caches/modules-2/files-2.1/com.jetbrains/jbre/jbrex8u152b1136.20_osx_x64/jdk/Contents/Home/jre/lib/ext: [sunec.jar, nashorn.jar, cldrdata.jar, jfxrt.jar, dnsns.jar, localedata.jar, sunjce_provider.jar, meta-index, sunpkcs11.jar, jaccess.jar, zipfs.jar] 
2018-04-05 11:38:45,809 [    516]   INFO -        #com.intellij.idea.Main - ext: /System/Library/Java/Extensions: [MRJToolkit.jar] 
2018-04-05 11:38:45,809 [    516]   INFO -        #com.intellij.idea.Main - JNU charset: UTF-8 
2018-04-05 11:38:45,828 [    535]   INFO -        #com.intellij.idea.Main - JNA library (64-bit) loaded in 19 ms 
2018-04-05 11:38:45,854 [    561]   INFO -        #com.intellij.idea.Main - initializing environment 
2018-04-05 11:38:45,856 [    563]   INFO - .intellij.util.EnvironmentUtil - loading shell env: /bin/bash -l -i -c '/Users/jackkenlay/.gradle/caches/modules-2/files-2.1/com.jetbrains.intellij.idea/ideaIC/2018.1/d082978a55b398ef544e7daee1dd6228b88dbfc1/ideaIC-2018.1/bin/printenv.py' '/private/var/folders/jb/_qndynq176n17vdtygq80gsh0000gn/T/intellij-shell-env.tmp' 
2018-04-05 11:38:45,878 [    585]   INFO -     #com.intellij.util.ui.JBUI - User scale factor: 1.0 
2018-04-05 11:38:45,879 [    586]   INFO -     #com.intellij.util.ui.JBUI - System scale factor: 2.0 (JRE-managed HiDPI) 
2018-04-05 11:38:46,494 [   1201]   INFO - .intellij.util.EnvironmentUtil - shell environment loaded (20 vars) 
2018-04-05 11:38:47,478 [   2185]   INFO - .intellij.idea.IdeaApplication - CPU cores: 4; ForkJoinPool.commonPool: java.util.concurrent.ForkJoinPool@d94c419[Running, parallelism = 3, size = 0, active = 0, running = 0, steals = 0, tasks = 0, submissions = 0]; factory: com.intellij.concurrency.IdeaForkJoinWorkerThreadFactory@46aa2ee1 
2018-04-05 11:38:48,611 [   3318]   INFO - llij.ide.plugins.PluginManager - Cannot find optional descriptor duplicates-groovy.xml 
2018-04-05 11:38:49,118 [   3825]   INFO - llij.ide.plugins.PluginManager - 35 plugins initialized in 1149 ms 
2018-04-05 11:38:49,123 [   3830]   INFO - llij.ide.plugins.PluginManager - Loaded bundled plugins: Android Support (10.3.0), Ant Support (1.0), Bytecode Viewer (0.1), CVS Integration (11), Copyright (8.1), Coverage (181.4203.550), Eclipse Integration (3.0), EditorConfig (181.4203.550), Git Integration (8.1), GitHub (181.4203.550), Gradle (181.4203.550), Groovy (9.0), I18n for Java (181.4203.550), IDEA CORE (181.4203.550), IntelliLang (8.0), JUnit (1.0), Java Bytecode Decompiler (181.4203.550), Java Stream Debugger (181.4203.550), JavaFX (1.0), Kotlin (1.2.30-release-IJ2018.1-1), Maven Integration (181.4203.550), Mercurial Integration (10.0), Plugin DevKit (1.0), Properties Support (181.4203.550), Settings Repository (181.4203.550), Smali Support (1.0), Subversion Integration (1.1), Task Management (1.0), Terminal (0.1), TestNG-J (8.0), UI Designer (181.4203.550), XPathView + XSLT Support (4), XSLT-Debugger (1.4), YAML (181.4203.550) 
2018-04-05 11:38:49,123 [   3830]   INFO - llij.ide.plugins.PluginManager - Loaded custom plugins: my_plugin (1.0-SNAPSHOT) 
2018-04-05 11:38:50,338 [   5045]   INFO - ellij.vfs.persistent.FSRecords - Marking VFS as corrupted: '/Users/jackkenlay/personal/adobe-aem-plugin/build/idea-sandbox/system/caches/names.dat' does not exist 
2018-04-05 11:38:50,341 [   5048]   INFO - ellij.util.io.PagedFileStorage - lower=100; upper=435; buffer=10; max=435 
2018-04-05 11:38:50,381 [   5088]   INFO - pl.local.NativeFileWatcherImpl - Starting file watcher: /Users/jackkenlay/.gradle/caches/modules-2/files-2.1/com.jetbrains.intellij.idea/ideaIC/2018.1/d082978a55b398ef544e7daee1dd6228b88dbfc1/ideaIC-2018.1/bin/mac/fsnotifier 
2018-04-05 11:38:50,400 [   5107]   INFO - pl.local.NativeFileWatcherImpl - Native file watcher is operational. 
2018-04-05 11:38:51,156 [   5863]   WARN - nSystem.impl.ActionManagerImpl - keymap "Xcode" not found [Plugin: Git4Idea] 
2018-04-05 11:38:51,204 [   5911]   WARN - nSystem.impl.ActionManagerImpl - keymap "Xcode" not found [Plugin: hg4idea] 
2018-04-05 11:38:51,290 [   5997]   INFO - .history.utils.LocalHistoryLog - local history version mismatch (was: 0, expected: 6), rebuilding... 
2018-04-05 11:38:51,291 [   5998]   INFO - .history.utils.LocalHistoryLog - FS has been rebuild, rebuilding local history... 
2018-04-05 11:38:51,616 [   6323]   INFO - .openapi.application.Preloader - Finished preloading com.intellij.ide.ui.OptionsTopHitProvider$Activity@54153e90 
2018-04-05 11:38:51,873 [   6580]   INFO - til.net.ssl.CertificateManager - Default SSL context initialized 
2018-04-05 11:38:51,899 [   6606]   INFO - rains.ide.BuiltInServerManager - built-in server started, port 63343 
2018-04-05 11:38:51,995 [   6702]   INFO - gs.impl.UpdateCheckerComponent - channel: release 
2018-04-05 11:38:52,357 [   7064]   INFO - il.indexing.FileBasedIndexImpl - Index exts enumerated:278, number of extensions:44 
2018-04-05 11:38:52,364 [   7071]   INFO - il.indexing.FileBasedIndexImpl - Index scheduled:6 
2018-04-05 11:38:52,451 [   7158]   INFO - tellij.psi.stubs.StubIndexImpl - All stub exts enumerated:84, number of extensions:49 
2018-04-05 11:38:52,452 [   7159]   INFO - tellij.psi.stubs.StubIndexImpl - stub exts update scheduled:0 
2018-04-05 11:38:53,060 [   7767]   INFO - ij.psi.stubs.StubUpdatingIndex - Following new file types will be indexed:Groovy,KJSM,CLASS,XML,kotlin_builtins,Kotlin,Properties,JAVA,HTML 
2018-04-05 11:38:53,472 [   8179]   INFO - plication.impl.ApplicationImpl - 89 application components initialized in 5507ms 
2018-04-05 11:38:53,533 [   8240]   INFO - .intellij.idea.IdeaApplication - App initialization took 9464 ms 
2018-04-05 11:38:53,535 [   8242]   INFO - llij.ide.plugins.PluginManager - org.jetbrains.kotlin loaded 773 classes 
2018-04-05 11:38:53,535 [   8242]   INFO - llij.ide.plugins.PluginManager - org.jetbrains.android loaded 275 classes 
2018-04-05 11:38:53,535 [   8242]   INFO - llij.ide.plugins.PluginManager - org.intellij.groovy loaded 178 classes 
2018-04-05 11:38:53,535 [   8242]   INFO - llij.ide.plugins.PluginManager - org.jetbrains.idea.maven loaded 75 classes 
2018-04-05 11:38:53,535 [   8242]   INFO - llij.ide.plugins.PluginManager - CVS loaded 46 classes 
2018-04-05 11:38:53,535 [   8242]   INFO - llij.ide.plugins.PluginManager - org.jetbrains.settingsRepository loaded 31 classes 
2018-04-05 11:38:53,535 [   8242]   INFO - llij.ide.plugins.PluginManager - com.intellij.uiDesigner loaded 29 classes 
2018-04-05 11:38:53,535 [   8242]   INFO - llij.ide.plugins.PluginManager - Git4Idea loaded 29 classes 
2018-04-05 11:38:53,535 [   8242]   INFO - llij.ide.plugins.PluginManager - com.intellij.properties loaded 28 classes 
2018-04-05 11:38:53,536 [   8243]   INFO - llij.ide.plugins.PluginManager - hg4idea loaded 24 classes 
2018-04-05 11:38:53,536 [   8243]   INFO - llij.ide.plugins.PluginManager - com.intellij.tasks loaded 23 classes 
2018-04-05 11:38:53,536 [   8243]   INFO - llij.ide.plugins.PluginManager - Subversion loaded 22 classes 
2018-04-05 11:38:53,536 [   8243]   INFO - llij.ide.plugins.PluginManager - XPathView loaded 18 classes 
2018-04-05 11:38:53,536 [   8243]   INFO - llij.ide.plugins.PluginManager - AntSupport loaded 18 classes 
2018-04-05 11:38:53,536 [   8243]   INFO - llij.ide.plugins.PluginManager - org.jetbrains.plugins.gradle loaded 15 classes 
2018-04-05 11:38:53,536 [   8243]   INFO - llij.ide.plugins.PluginManager - org.jetbrains.plugins.github loaded 14 classes 
2018-04-05 11:38:53,536 [   8243]   INFO - llij.ide.plugins.PluginManager - org.jetbrains.plugins.yaml loaded 13 classes 
2018-04-05 11:38:53,536 [   8243]   INFO - llij.ide.plugins.PluginManager - DevKit loaded 13 classes 
2018-04-05 11:38:53,536 [   8243]   INFO - llij.ide.plugins.PluginManager - org.jetbrains.plugins.javaFX loaded 11 classes 
2018-04-05 11:38:53,536 [   8243]   INFO - llij.ide.plugins.PluginManager - org.jetbrains.java.decompiler loaded 7 classes 
2018-04-05 11:38:53,536 [   8243]   INFO - llij.ide.plugins.PluginManager - com.android.tools.idea.smali loaded 5 classes 
2018-04-05 11:38:53,536 [   8243]   INFO - llij.ide.plugins.PluginManager - com.intellij.copyright loaded 3 classes 
2018-04-05 11:38:53,536 [   8243]   INFO - llij.ide.plugins.PluginManager - Coverage loaded 2 classes 
2018-04-05 11:38:53,536 [   8243]   INFO - llij.ide.plugins.PluginManager - org.jetbrains.idea.eclipse loaded 2 classes 
2018-04-05 11:38:53,537 [   8244]   INFO - llij.ide.plugins.PluginManager - ByteCodeViewer loaded 2 classes 
2018-04-05 11:38:53,625 [   8332]   INFO - pl$FileIndexDataInitialization - Initialization done:1260 
2018-04-05 11:38:53,883 [   8590]   INFO - exImpl$StubIndexInitialization - Initialization done:257 
2018-04-05 11:38:54,430 [   9137]   INFO - pi.util.registry.RegistryValue - Registry value 'java.completion.argument.hints' has changed to 'false" 
2018-04-05 11:38:54,430 [   9137]   INFO - pi.util.registry.RegistryValue - Registry value 'java.completion.argument.hints.internal' has changed to 'false" 
2018-04-05 11:38:54,465 [   9172]   INFO - com.intellij.ide.ui.UISettings - Loaded: fontSize=12, fontScale=1.0; restored: fontSize=12, fontScale=1.0 
2018-04-05 11:38:55,036 [   9743]   INFO - j.ide.ui.OptionsTopHitProvider - 800 ms spent to cache options in application 
2018-04-05 11:38:55,445 [  10152]   INFO - .openapi.application.Preloader - Finished preloading com.intellij.openapi.actionSystem.impl.ActionPreloader@668a1f1b 
2018-04-05 11:38:56,835 [  11542]   INFO - .openapi.application.Preloader - Finished preloading com.intellij.ide.ui.search.SearchableOptionPreloader@10ba8328 
2018-04-05 11:38:57,030 [  11737]   INFO - .openapi.application.Preloader - Finished preloading com.intellij.codeInsight.completion.CompletionPreloader@4691c37b 
2018-04-05 11:38:57,036 [  11743]   INFO - .openapi.application.Preloader - Finished preloading com.intellij.ide.actions.GotoClassPresentationUpdater@21d387ee 
2018-04-05 11:39:03,483 [  18190]   INFO - ellij.project.impl.ProjectImpl - 20 project components initialized in 418 ms 
2018-04-05 11:39:21,131 [  35838]   INFO - ellij.project.impl.ProjectImpl - 154 project components initialized in 1434 ms 
2018-04-05 11:39:21,132 [  35839]   INFO - le.impl.ModuleManagerComponent - 0 module(s) loaded in 0 ms 
2018-04-05 11:39:21,555 [  36262]   INFO - penapi.project.DumbServiceImpl - cancel com.intellij.openapi.roots.impl.PushedFilePropertiesUpdaterImpl$3@2ef07cc5 
2018-04-05 11:39:21,575 [  36282]   INFO - penapi.project.DumbServiceImpl - cancel com.intellij.openapi.roots.impl.PushedFilePropertiesUpdaterImpl$3@2ef07cc5 
2018-04-05 11:39:21,622 [  36329]   INFO - j.ide.script.IdeStartupScripts - 0 startup script(s) found 
2018-04-05 11:39:21,761 [  36468]   WARN - j.ui.mac.MacMainFrameDecorator - no url bundle present. 
To use platform protocol handler to open external links specify required protocols in the mac app layout section of the build file
Example: args.urlSchemes = ["your-protocol"] will handle following links: your-protocol://open?file=file&line=line 
2018-04-05 11:39:22,189 [  36896]   INFO - ntellij.internal.IconsLoadTime - PNG load time: total=87.64ms, average=0.88ms, median=0.39ms; number of icons: 100 
2018-04-05 11:39:22,511 [  37218]   INFO - CompilerBackwardReferenceIndex - backward reference index version differ due to: class java.io.FileNotFoundException 
2018-04-05 11:39:22,998 [  37705]   INFO - ntellij.internal.IconsLoadTime - PNG load time: ide_startup=94.40ms, average=0.74ms, median=0.40ms; number of icons: 127 
2018-04-05 11:39:23,052 [  37759]   INFO - ge.ExternalProjectsDataStorage - Loaded external projects data in 4 millis 
2018-04-05 11:39:23,083 [  37790]   INFO - .diagnostic.PerformanceWatcher - Post-startup activities under progress took 127ms; general responsiveness: ok; EDT responsiveness: ok 
2018-04-05 11:39:23,694 [  38401]   INFO - penapi.project.DumbServiceImpl - Running dumb mode task: com.intellij.util.indexing.UnindexedFilesUpdater@21a20eaf 
2018-04-05 11:39:23,746 [  38453]   INFO - .diagnostic.PerformanceWatcher - Pushing properties took 24ms; general responsiveness: ok; EDT responsiveness: ok 
2018-04-05 11:39:23,762 [  38469]   INFO - tartup.impl.StartupManagerImpl - /Users/jackkenlay/IdeaProjects/untitled1/.idea case-sensitivity: expected=false actual=false 
2018-04-05 11:39:23,773 [  38480]   INFO - pl.projectlevelman.NewMappings - VCS Root: [] - [<Project>] 
2018-04-05 11:39:23,932 [  38639]   INFO - tor.impl.FileEditorManagerImpl - Project opening took 4268 ms 
2018-04-05 11:39:23,932 [  38639]   INFO - llij.ide.plugins.PluginManager - org.jetbrains.kotlin loaded 2270 classes 
2018-04-05 11:39:23,933 [  38640]   INFO - llij.ide.plugins.PluginManager - org.jetbrains.android loaded 1237 classes 
2018-04-05 11:39:23,933 [  38640]   INFO - llij.ide.plugins.PluginManager - org.intellij.groovy loaded 517 classes 
2018-04-05 11:39:23,933 [  38640]   INFO - llij.ide.plugins.PluginManager - org.jetbrains.idea.maven loaded 242 classes 
2018-04-05 11:39:23,933 [  38640]   INFO - llij.ide.plugins.PluginManager - com.intellij.uiDesigner loaded 208 classes 
2018-04-05 11:39:23,933 [  38640]   INFO - llij.ide.plugins.PluginManager - Git4Idea loaded 112 classes 
2018-04-05 11:39:23,933 [  38640]   INFO - llij.ide.plugins.PluginManager - org.jetbrains.debugger.streams loaded 107 classes 
2018-04-05 11:39:23,933 [  38640]   INFO - llij.ide.plugins.PluginManager - com.intellij.tasks loaded 104 classes 
2018-04-05 11:39:23,933 [  38640]   INFO - llij.ide.plugins.PluginManager - CVS loaded 81 classes 
2018-04-05 11:39:23,933 [  38640]   INFO - llij.ide.plugins.PluginManager - org.jetbrains.plugins.gradle loaded 77 classes 
2018-04-05 11:39:23,933 [  38640]   INFO - llij.ide.plugins.PluginManager - XPathView loaded 64 classes 
2018-04-05 11:39:23,933 [  38640]   INFO - llij.ide.plugins.PluginManager - Subversion loaded 58 classes 
2018-04-05 11:39:23,933 [  38640]   INFO - llij.ide.plugins.PluginManager - com.intellij.properties loaded 48 classes 
2018-04-05 11:39:23,933 [  38640]   INFO - llij.ide.plugins.PluginManager - hg4idea loaded 46 classes 
2018-04-05 11:39:23,934 [  38641]   INFO - llij.ide.plugins.PluginManager - DevKit loaded 41 classes 
2018-04-05 11:39:23,934 [  38641]   INFO - llij.ide.plugins.PluginManager - org.jetbrains.settingsRepository loaded 37 classes 
2018-04-05 11:39:23,934 [  38641]   INFO - llij.ide.plugins.PluginManager - Coverage loaded 33 classes 
2018-04-05 11:39:23,934 [  38641]   INFO - llij.ide.plugins.PluginManager - AntSupport loaded 29 classes 
2018-04-05 11:39:23,934 [  38641]   INFO - llij.ide.plugins.PluginManager - org.jetbrains.plugins.github loaded 23 classes 
2018-04-05 11:39:23,934 [  38641]   INFO - llij.ide.plugins.PluginManager - org.jetbrains.plugins.javaFX loaded 22 classes 
2018-04-05 11:39:23,934 [  38641]   INFO - llij.ide.plugins.PluginManager - org.jetbrains.plugins.yaml loaded 15 classes 
2018-04-05 11:39:23,934 [  38641]   INFO - llij.ide.plugins.PluginManager - JUnit loaded 14 classes 
2018-04-05 11:39:23,934 [  38641]   INFO - llij.ide.plugins.PluginManager - TestNG-J loaded 13 classes 
2018-04-05 11:39:23,934 [  38641]   INFO - llij.ide.plugins.PluginManager - org.editorconfig.editorconfigjetbrains loaded 9 classes 
2018-04-05 11:39:23,934 [  38641]   INFO - llij.ide.plugins.PluginManager - org.jetbrains.plugins.terminal loaded 9 classes 
2018-04-05 11:39:23,934 [  38641]   INFO - llij.ide.plugins.PluginManager - org.jetbrains.java.decompiler loaded 7 classes 
2018-04-05 11:39:23,934 [  38641]   INFO - llij.ide.plugins.PluginManager - org.intellij.intelliLang loaded 6 classes 
2018-04-05 11:39:23,934 [  38641]   INFO - llij.ide.plugins.PluginManager - com.intellij.copyright loaded 6 classes 
2018-04-05 11:39:23,934 [  38641]   INFO - llij.ide.plugins.PluginManager - org.jetbrains.idea.eclipse loaded 5 classes 
2018-04-05 11:39:23,934 [  38641]   INFO - llij.ide.plugins.PluginManager - com.android.tools.idea.smali loaded 5 classes 
2018-04-05 11:39:23,934 [  38641]   INFO - llij.ide.plugins.PluginManager - com.intellij.java-i18n loaded 4 classes 
2018-04-05 11:39:23,934 [  38641]   INFO - llij.ide.plugins.PluginManager - XSLT-Debugger loaded 2 classes 
2018-04-05 11:39:23,934 [  38641]   INFO - llij.ide.plugins.PluginManager - ByteCodeViewer loaded 2 classes 
2018-04-05 11:39:23,934 [  38641]   INFO - llij.ide.plugins.PluginManager - org.jetbrains loaded 1 classes 
2018-04-05 11:39:27,651 [  42358]   INFO - .diagnostic.PerformanceWatcher - Indexable file iteration took 3902ms; general responsiveness: ok; EDT responsiveness: ok 
2018-04-05 11:39:27,662 [  42369]   INFO - indexing.UnindexedFilesUpdater - Unindexed files update started: 50905 files to update 
2018-04-05 11:40:01,026 [  75733]   INFO - .diagnostic.PerformanceWatcher - Unindexed files update took 33364ms; general responsiveness: 1/33 sluggish; EDT responsiveness: ok 
2018-04-05 11:40:01,028 [  75735]   INFO - penapi.project.DumbServiceImpl - Running dumb mode task: initial refresh 
2018-04-05 11:40:01,031 [  75738]   INFO - penapi.project.DumbServiceImpl - updateFinished 
2018-04-05 11:40:01,032 [  75739]   INFO - g.FileBasedIndexProjectHandler - Has changed files: false; project=Project '/Users/jackkenlay/IdeaProjects/untitled1' untitled1 
2018-04-05 11:40:01,492 [  76199]   INFO - j.ide.ui.OptionsTopHitProvider - 176 ms spent to cache options in project 
2018-04-05 11:40:01,512 [  76219]   INFO - penapi.project.DumbServiceImpl - Running dumb mode task: com.android.tools.idea.res.ResourceFolderRepositoryFileCacheImpl$PruneTask@11e6194 
2018-04-05 11:40:01,536 [  76243]   INFO - penapi.project.DumbServiceImpl - Running dumb mode task: com.android.tools.idea.res.ResourceFolderRepositoryFileCacheImpl$ManageLruProjectFilesTask@5dad357c 
2018-04-05 11:40:01,559 [  76266]   INFO - penapi.project.DumbServiceImpl - updateFinished 
2018-04-05 11:40:01,559 [  76266]   INFO - g.FileBasedIndexProjectHandler - Has changed files: false; project=Project '/Users/jackkenlay/IdeaProjects/untitled1' untitled1 
2018-04-05 11:40:01,571 [  76278]   INFO - penapi.project.DumbServiceImpl - Running dumb mode task: com.android.tools.idea.res.ResourceFolderRegistry$PopulateCachesTask@68b2b73c 
2018-04-05 11:40:01,581 [  76288]   INFO - penapi.project.DumbServiceImpl - updateFinished 
2018-04-05 11:40:01,581 [  76288]   INFO - g.FileBasedIndexProjectHandler - Has changed files: false; project=Project '/Users/jackkenlay/IdeaProjects/untitled1' untitled1 
2018-04-05 11:40:01,892 [  76599]   INFO - CompilerWorkspaceConfiguration - Available processors: 4 
2018-04-05 11:40:10,080 [  84787]   INFO - .openapi.util.LowMemoryWatcher - Low memory signal received. 
2018-04-05 11:40:16,851 [  91558]   INFO - stubs.SerializationManagerImpl - START StubSerializationManager SHUTDOWN 
2018-04-05 11:40:16,851 [  91558]   INFO - stubs.SerializationManagerImpl - END StubSerializationManager SHUTDOWN 
2018-04-05 11:40:16,852 [  91559]   INFO - il.indexing.FileBasedIndexImpl - START INDEX SHUTDOWN 
2018-04-05 11:40:16,905 [  91612]   INFO - il.indexing.FileBasedIndexImpl - END INDEX SHUTDOWN 
2018-04-05 11:40:16,906 [  91613]   INFO - org.jetbrains.io.BuiltInServer - web server stopped 
2018-04-05 11:40:16,911 [  91618]   INFO - Types.impl.FileTypeManagerImpl - FileTypeManager: 366 auto-detected files
Elapsed time on auto-detect: 279 ms 
2018-04-05 11:40:16,915 [  91622]   INFO - pl.local.NativeFileWatcherImpl - Watcher terminated with exit code 0 
2018-04-05 11:40:16,917 [  91624]   INFO - newvfs.persistent.PersistentFS - VFS dispose started 
2018-04-05 11:40:16,929 [  91636]   INFO - newvfs.persistent.PersistentFS - VFS dispose completed 
2018-04-05 11:40:16,932 [  91639]   INFO - plication.impl.ApplicationImpl - Write action Statistics:
Event number:     64
Total time spent: 674ms
Average duration: 10ms
Median  duration: 2ms
Max  duration:    155ms (it was 'write action (class com.intellij.ide.util.projectWizard.ModuleBuilder$$Lambda$765/508399088)') 
2018-04-05 11:40:16,938 [  91645]   INFO - plication.impl.ApplicationImpl - AnAction.update() Statistics:
Event number:     3299
Total time spent: 57ms
Average duration: 0ms
Median  duration: 0ms
Max  duration:    38ms (it was 'Stop action update (class com.intellij.execution.actions.StopAction)') 
2018-04-05 11:40:16,938 [  91645]   INFO - plication.impl.ApplicationImpl - Global instance threads created counter = 9; ProcessIOExecutorService threads: 3 
2018-04-05 11:40:16,948 [  91655]   INFO -        #com.intellij.idea.Main - ------------------------------------------------------ IDE SHUTDOWN ------------------------------------------------------ 
2018-04-05 11:40:16,948 [  91655]   INFO - org.jetbrains.io.BuiltInServer - web server stopped 
2018-04-05 11:45:18,810 [      0]   INFO -        #com.intellij.idea.Main - ------------------------------------------------------ IDE STARTED ------------------------------------------------------ 
2018-04-05 11:45:19,019 [    209]   INFO -        #com.intellij.idea.Main - IDE: IntelliJ IDEA (build #IC-181.4203.550, 26 Mar 2018 21:19) 
2018-04-05 11:45:19,019 [    209]   INFO -        #com.intellij.idea.Main - OS: Mac OS X (10.13.3, x86_64) 
2018-04-05 11:45:19,019 [    209]   INFO -        #com.intellij.idea.Main - JRE: 1.8.0_152-release-1136-b20 (JetBrains s.r.o) 
2018-04-05 11:45:19,019 [    209]   INFO -        #com.intellij.idea.Main - JVM: 25.152-b20 (OpenJDK 64-Bit Server VM) 
2018-04-05 11:45:19,034 [    224]   INFO -        #com.intellij.idea.Main - JVM Args: -Dapple.laf.useScreenMenuBar=true -Didea.classpath.index.enabled=false -Didea.config.path=/Users/jackkenlay/personal/adobe-aem-plugin/build/idea-sandbox/config -Didea.is.internal=true -Didea.platform.prefix=Idea -Didea.plugins.path=/Users/jackkenlay/personal/adobe-aem-plugin/build/idea-sandbox/plugins -Didea.required.plugins.id=org.jetbrains -Didea.smooth.progress=false -Didea.system.path=/Users/jackkenlay/personal/adobe-aem-plugin/build/idea-sandbox/system -XX:MaxPermSize=250m -Xms256m -Xmx512m -Dfile.encoding=UTF-8 -Duser.country=GB -Duser.language=en -Duser.variant -ea 
2018-04-05 11:45:19,034 [    224]   INFO -        #com.intellij.idea.Main - ext: /Users/jackkenlay/.gradle/caches/modules-2/files-2.1/com.jetbrains/jbre/jbrex8u152b1136.20_osx_x64/jdk/Contents/Home/jre/lib/ext: [sunec.jar, nashorn.jar, cldrdata.jar, jfxrt.jar, dnsns.jar, localedata.jar, sunjce_provider.jar, meta-index, sunpkcs11.jar, jaccess.jar, zipfs.jar] 
2018-04-05 11:45:19,034 [    224]   INFO -        #com.intellij.idea.Main - ext: /System/Library/Java/Extensions: [MRJToolkit.jar] 
2018-04-05 11:45:19,034 [    224]   INFO -        #com.intellij.idea.Main - JNU charset: UTF-8 
2018-04-05 11:45:19,054 [    244]   INFO -        #com.intellij.idea.Main - JNA library (64-bit) loaded in 19 ms 
2018-04-05 11:45:19,070 [    260]   INFO -        #com.intellij.idea.Main - initializing environment 
2018-04-05 11:45:19,071 [    261]   INFO - .intellij.util.EnvironmentUtil - loading shell env: /bin/bash -l -i -c '/Users/jackkenlay/.gradle/caches/modules-2/files-2.1/com.jetbrains.intellij.idea/ideaIC/2018.1/d082978a55b398ef544e7daee1dd6228b88dbfc1/ideaIC-2018.1/bin/printenv.py' '/private/var/folders/jb/_qndynq176n17vdtygq80gsh0000gn/T/intellij-shell-env.tmp' 
2018-04-05 11:45:19,084 [    274]   INFO -     #com.intellij.util.ui.JBUI - User scale factor: 1.0 
2018-04-05 11:45:19,084 [    274]   INFO -     #com.intellij.util.ui.JBUI - System scale factor: 2.0 (JRE-managed HiDPI) 
2018-04-05 11:45:19,593 [    783]   INFO - .intellij.util.EnvironmentUtil - shell environment loaded (20 vars) 
2018-04-05 11:45:20,732 [   1922]   INFO - .intellij.idea.IdeaApplication - CPU cores: 4; ForkJoinPool.commonPool: java.util.concurrent.ForkJoinPool@36ca933c[Running, parallelism = 3, size = 0, active = 0, running = 0, steals = 0, tasks = 0, submissions = 0]; factory: com.intellij.concurrency.IdeaForkJoinWorkerThreadFactory@5f96bf72 
2018-04-05 11:45:22,270 [   3460]   INFO - llij.ide.plugins.PluginManager - Cannot find optional descriptor duplicates-groovy.xml 
2018-04-05 11:45:22,737 [   3927]   INFO - llij.ide.plugins.PluginManager - 35 plugins initialized in 1546 ms 
2018-04-05 11:45:22,741 [   3931]   INFO - llij.ide.plugins.PluginManager - Loaded bundled plugins: Android Support (10.3.0), Ant Support (1.0), Bytecode Viewer (0.1), CVS Integration (11), Copyright (8.1), Coverage (181.4203.550), Eclipse Integration (3.0), EditorConfig (181.4203.550), Git Integration (8.1), GitHub (181.4203.550), Gradle (181.4203.550), Groovy (9.0), I18n for Java (181.4203.550), IDEA CORE (181.4203.550), IntelliLang (8.0), JUnit (1.0), Java Bytecode Decompiler (181.4203.550), Java Stream Debugger (181.4203.550), JavaFX (1.0), Kotlin (1.2.30-release-IJ2018.1-1), Maven Integration (181.4203.550), Mercurial Integration (10.0), Plugin DevKit (1.0), Properties Support (181.4203.550), Settings Repository (181.4203.550), Smali Support (1.0), Subversion Integration (1.1), Task Management (1.0), Terminal (0.1), TestNG-J (8.0), UI Designer (181.4203.550), XPathView + XSLT Support (4), XSLT-Debugger (1.4), YAML (181.4203.550) 
2018-04-05 11:45:22,741 [   3931]   INFO - llij.ide.plugins.PluginManager - Loaded custom plugins: my_plugin (1.0-SNAPSHOT) 
2018-04-05 11:45:23,915 [   5105]   INFO - ellij.util.io.PagedFileStorage - lower=100; upper=435; buffer=10; max=435 
2018-04-05 11:45:24,022 [   5212]   INFO - pl.local.NativeFileWatcherImpl - Starting file watcher: /Users/jackkenlay/.gradle/caches/modules-2/files-2.1/com.jetbrains.intellij.idea/ideaIC/2018.1/d082978a55b398ef544e7daee1dd6228b88dbfc1/ideaIC-2018.1/bin/mac/fsnotifier 
2018-04-05 11:45:24,056 [   5246]   INFO - pl.local.NativeFileWatcherImpl - Native file watcher is operational. 
2018-04-05 11:45:24,350 [   5540]   INFO - pi.util.registry.RegistryState - Registry values changed by user: 
2018-04-05 11:45:24,350 [   5540]   INFO - pi.util.registry.RegistryState -   java.completion.argument.hints.internal = false 
2018-04-05 11:45:24,855 [   6045]   WARN - nSystem.impl.ActionManagerImpl - keymap "Xcode" not found [Plugin: Git4Idea] 
2018-04-05 11:45:24,905 [   6095]   WARN - nSystem.impl.ActionManagerImpl - keymap "Xcode" not found [Plugin: hg4idea] 
2018-04-05 11:45:25,235 [   6425]   INFO - .openapi.application.Preloader - Finished preloading com.intellij.ide.ui.OptionsTopHitProvider$Activity@54153e90 
2018-04-05 11:45:25,356 [   6546]   INFO - til.net.ssl.CertificateManager - Default SSL context initialized 
2018-04-05 11:45:25,381 [   6571]   INFO - rains.ide.BuiltInServerManager - built-in server started, port 63343 
2018-04-05 11:45:25,539 [   6729]   INFO - gs.impl.UpdateCheckerComponent - channel: release 
2018-04-05 11:45:25,853 [   7043]   INFO - il.indexing.FileBasedIndexImpl - Index exts enumerated:258, number of extensions:44 
2018-04-05 11:45:25,857 [   7047]   INFO - il.indexing.FileBasedIndexImpl - Index scheduled:3 
2018-04-05 11:45:25,888 [   7078]   INFO - tellij.psi.stubs.StubIndexImpl - All stub exts enumerated:20, number of extensions:49 
2018-04-05 11:45:25,888 [   7078]   INFO - tellij.psi.stubs.StubIndexImpl - stub exts update scheduled:0 
2018-04-05 11:45:26,282 [   7472]   INFO - plication.impl.ApplicationImpl - 89 application components initialized in 5095ms 
2018-04-05 11:45:26,476 [   7666]   INFO - .intellij.idea.IdeaApplication - App initialization took 8587 ms 
2018-04-05 11:45:26,477 [   7667]   INFO - llij.ide.plugins.PluginManager - org.jetbrains.kotlin loaded 385 classes 
2018-04-05 11:45:26,477 [   7667]   INFO - llij.ide.plugins.PluginManager - org.intellij.groovy loaded 172 classes 
2018-04-05 11:45:26,477 [   7667]   INFO - llij.ide.plugins.PluginManager - org.jetbrains.android loaded 138 classes 
2018-04-05 11:45:26,477 [   7667]   INFO - llij.ide.plugins.PluginManager - org.jetbrains.idea.maven loaded 48 classes 
2018-04-05 11:45:26,477 [   7667]   INFO - llij.ide.plugins.PluginManager - CVS loaded 40 classes 
2018-04-05 11:45:26,477 [   7667]   INFO - llij.ide.plugins.PluginManager - org.jetbrains.settingsRepository loaded 31 classes 
2018-04-05 11:45:26,477 [   7667]   INFO - llij.ide.plugins.PluginManager - com.intellij.properties loaded 28 classes 
2018-04-05 11:45:26,477 [   7667]   INFO - llij.ide.plugins.PluginManager - com.intellij.tasks loaded 21 classes 
2018-04-05 11:45:26,477 [   7667]   INFO - llij.ide.plugins.PluginManager - Git4Idea loaded 16 classes 
2018-04-05 11:45:26,477 [   7667]   INFO - llij.ide.plugins.PluginManager - XPathView loaded 14 classes 
2018-04-05 11:45:26,477 [   7667]   INFO - llij.ide.plugins.PluginManager - hg4idea loaded 13 classes 
2018-04-05 11:45:26,477 [   7667]   INFO - llij.ide.plugins.PluginManager - Subversion loaded 12 classes 
2018-04-05 11:45:26,477 [   7667]   INFO - llij.ide.plugins.PluginManager - org.jetbrains.plugins.yaml loaded 12 classes 
2018-04-05 11:45:26,477 [   7667]   INFO - llij.ide.plugins.PluginManager - org.jetbrains.plugins.javaFX loaded 10 classes 
2018-04-05 11:45:26,477 [   7667]   INFO - llij.ide.plugins.PluginManager - org.jetbrains.plugins.github loaded 10 classes 
2018-04-05 11:45:26,477 [   7667]   INFO - llij.ide.plugins.PluginManager - com.intellij.uiDesigner loaded 10 classes 
2018-04-05 11:45:26,477 [   7667]   INFO - llij.ide.plugins.PluginManager - org.jetbrains.plugins.gradle loaded 9 classes 
2018-04-05 11:45:26,477 [   7667]   INFO - llij.ide.plugins.PluginManager - AntSupport loaded 7 classes 
2018-04-05 11:45:26,477 [   7667]   INFO - llij.ide.plugins.PluginManager - DevKit loaded 6 classes 
2018-04-05 11:45:26,477 [   7667]   INFO - llij.ide.plugins.PluginManager - com.android.tools.idea.smali loaded 5 classes 
2018-04-05 11:45:26,477 [   7667]   INFO - llij.ide.plugins.PluginManager - org.jetbrains.idea.eclipse loaded 2 classes 
2018-04-05 11:45:26,477 [   7667]   INFO - llij.ide.plugins.PluginManager - com.intellij.copyright loaded 1 classes 
2018-04-05 11:45:26,478 [   7668]   INFO - llij.ide.plugins.PluginManager - Coverage loaded 1 classes 
2018-04-05 11:45:27,081 [   8271]   INFO - pl$FileIndexDataInitialization - Initialization done:1223 
2018-04-05 11:45:27,195 [   8385]   INFO - com.intellij.ide.ui.UISettings - Loaded: fontSize=12, fontScale=1.0; restored: fontSize=12, fontScale=1.0 
2018-04-05 11:45:27,267 [   8457]   INFO - exImpl$StubIndexInitialization - Initialization done:186 
2018-04-05 11:45:27,719 [   8909]   INFO - j.ide.ui.OptionsTopHitProvider - 754 ms spent to cache options in application 
2018-04-05 11:45:28,489 [   9679]   INFO - .openapi.application.Preloader - Finished preloading com.intellij.openapi.actionSystem.impl.ActionPreloader@68fffa3c 
2018-04-05 11:45:29,712 [  10902]   INFO - .openapi.application.Preloader - Finished preloading com.intellij.ide.ui.search.SearchableOptionPreloader@7233559e 
2018-04-05 11:45:29,929 [  11119]   INFO - .openapi.application.Preloader - Finished preloading com.intellij.codeInsight.completion.CompletionPreloader@3a6b6d58 
2018-04-05 11:45:29,934 [  11124]   INFO - .openapi.application.Preloader - Finished preloading com.intellij.ide.actions.GotoClassPresentationUpdater@4f31e80b 
2018-04-05 11:45:33,234 [  14424]   INFO - ellij.project.impl.ProjectImpl - 154 project components initialized in 1974 ms 
2018-04-05 11:45:33,505 [  14695]   INFO - le.impl.ModuleManagerComponent - 1 module(s) loaded in 259 ms 
2018-04-05 11:45:33,688 [  14878]   INFO - j.ide.script.IdeStartupScripts - 0 startup script(s) found 
2018-04-05 11:45:33,775 [  14965]   WARN - j.ui.mac.MacMainFrameDecorator - no url bundle present. 
To use platform protocol handler to open external links specify required protocols in the mac app layout section of the build file
Example: args.urlSchemes = ["your-protocol"] will handle following links: your-protocol://open?file=file&line=line 
2018-04-05 11:45:34,311 [  15501]   INFO - ellij.project.impl.ProjectImpl - 20 project components initialized in 18 ms 
2018-04-05 11:45:34,395 [  15585]   INFO - ntellij.internal.IconsLoadTime - PNG load time: total=50.33ms, average=0.50ms, median=0.31ms; number of icons: 100 
2018-04-05 11:45:34,475 [  15665]   INFO - CompilerBackwardReferenceIndex - backward reference index version differ due to: class java.io.FileNotFoundException 
2018-04-05 11:45:34,901 [  16091]   INFO - ntellij.internal.IconsLoadTime - PNG load time: ide_startup=63.30ms, average=0.56ms, median=0.35ms; number of icons: 114 
2018-04-05 11:45:34,968 [  16158]   INFO - penapi.project.DumbServiceImpl - Running dumb mode task: com.intellij.util.indexing.UnindexedFilesUpdater@71ecc4fc 
2018-04-05 11:45:34,983 [  16173]   INFO - ge.ExternalProjectsDataStorage - Loaded external projects data in 8 millis 
2018-04-05 11:45:35,018 [  16208]   INFO - .diagnostic.PerformanceWatcher - Pushing properties took 47ms; general responsiveness: ok; EDT responsiveness: ok 
2018-04-05 11:45:35,022 [  16212]   INFO - .diagnostic.PerformanceWatcher - Post-startup activities under progress took 161ms; general responsiveness: ok; EDT responsiveness: ok 
2018-04-05 11:45:35,868 [  17058]   INFO - tartup.impl.StartupManagerImpl - /Users/jackkenlay/IdeaProjects/untitled1/.idea case-sensitivity: expected=false actual=false 
2018-04-05 11:45:35,885 [  17075]   INFO - pl.projectlevelman.NewMappings - VCS Root: [] - [<Project>] 
2018-04-05 11:45:36,126 [  17316]   INFO - tor.impl.FileEditorManagerImpl - Project opening took 4890 ms 
2018-04-05 11:45:36,126 [  17316]   INFO - llij.ide.plugins.PluginManager - org.jetbrains.kotlin loaded 2189 classes 
2018-04-05 11:45:36,126 [  17316]   INFO - llij.ide.plugins.PluginManager - org.jetbrains.android loaded 1250 classes 
2018-04-05 11:45:36,126 [  17316]   INFO - llij.ide.plugins.PluginManager - org.intellij.groovy loaded 506 classes 
2018-04-05 11:45:36,127 [  17317]   INFO - llij.ide.plugins.PluginManager - com.intellij.uiDesigner loaded 209 classes 
2018-04-05 11:45:36,127 [  17317]   INFO - llij.ide.plugins.PluginManager - org.jetbrains.idea.maven loaded 207 classes 
2018-04-05 11:45:36,127 [  17317]   INFO - llij.ide.plugins.PluginManager - Git4Idea loaded 112 classes 
2018-04-05 11:45:36,127 [  17317]   INFO - llij.ide.plugins.PluginManager - org.jetbrains.debugger.streams loaded 107 classes 
2018-04-05 11:45:36,127 [  17317]   INFO - llij.ide.plugins.PluginManager - com.intellij.tasks loaded 104 classes 
2018-04-05 11:45:36,127 [  17317]   INFO - llij.ide.plugins.PluginManager - CVS loaded 81 classes 
2018-04-05 11:45:36,127 [  17317]   INFO - llij.ide.plugins.PluginManager - XPathView loaded 65 classes 
2018-04-05 11:45:36,127 [  17317]   INFO - llij.ide.plugins.PluginManager - org.jetbrains.plugins.gradle loaded 60 classes 
2018-04-05 11:45:36,127 [  17317]   INFO - llij.ide.plugins.PluginManager - Subversion loaded 58 classes 
2018-04-05 11:45:36,127 [  17317]   INFO - llij.ide.plugins.PluginManager - com.intellij.properties loaded 56 classes 
2018-04-05 11:45:36,127 [  17317]   INFO - llij.ide.plugins.PluginManager - hg4idea loaded 46 classes 
2018-04-05 11:45:36,127 [  17317]   INFO - llij.ide.plugins.PluginManager - DevKit loaded 40 classes 
2018-04-05 11:45:36,127 [  17317]   INFO - llij.ide.plugins.PluginManager - org.jetbrains.settingsRepository loaded 37 classes 
2018-04-05 11:45:36,127 [  17317]   INFO - llij.ide.plugins.PluginManager - Coverage loaded 36 classes 
2018-04-05 11:45:36,127 [  17317]   INFO - llij.ide.plugins.PluginManager - AntSupport loaded 29 classes 
2018-04-05 11:45:36,127 [  17317]   INFO - llij.ide.plugins.PluginManager - org.jetbrains.plugins.github loaded 23 classes 
2018-04-05 11:45:36,127 [  17317]   INFO - llij.ide.plugins.PluginManager - org.jetbrains.plugins.javaFX loaded 22 classes 
2018-04-05 11:45:36,127 [  17317]   INFO - llij.ide.plugins.PluginManager - JUnit loaded 14 classes 
2018-04-05 11:45:36,127 [  17317]   INFO - llij.ide.plugins.PluginManager - org.jetbrains.plugins.yaml loaded 14 classes 
2018-04-05 11:45:36,127 [  17317]   INFO - llij.ide.plugins.PluginManager - TestNG-J loaded 13 classes 
2018-04-05 11:45:36,127 [  17317]   INFO - llij.ide.plugins.PluginManager - org.jetbrains.plugins.terminal loaded 9 classes 
2018-04-05 11:45:36,127 [  17317]   INFO - llij.ide.plugins.PluginManager - org.jetbrains.java.decompiler loaded 7 classes 
2018-04-05 11:45:36,127 [  17317]   INFO - llij.ide.plugins.PluginManager - com.intellij.copyright loaded 6 classes 
2018-04-05 11:45:36,127 [  17317]   INFO - llij.ide.plugins.PluginManager - org.editorconfig.editorconfigjetbrains loaded 6 classes 
2018-04-05 11:45:36,127 [  17317]   INFO - llij.ide.plugins.PluginManager - org.intellij.intelliLang loaded 6 classes 
2018-04-05 11:45:36,127 [  17317]   INFO - llij.ide.plugins.PluginManager - org.jetbrains.idea.eclipse loaded 5 classes 
2018-04-05 11:45:36,127 [  17317]   INFO - llij.ide.plugins.PluginManager - com.android.tools.idea.smali loaded 5 classes 
2018-04-05 11:45:36,127 [  17317]   INFO - llij.ide.plugins.PluginManager - com.intellij.java-i18n loaded 4 classes 
2018-04-05 11:45:36,127 [  17317]   INFO - llij.ide.plugins.PluginManager - ByteCodeViewer loaded 2 classes 
2018-04-05 11:45:36,127 [  17317]   INFO - llij.ide.plugins.PluginManager - XSLT-Debugger loaded 2 classes 
2018-04-05 11:45:36,127 [  17317]   INFO - llij.ide.plugins.PluginManager - org.jetbrains loaded 1 classes 
2018-04-05 11:45:37,942 [  19132]   INFO - .diagnostic.PerformanceWatcher - Indexable file iteration took 2922ms; general responsiveness: ok; EDT responsiveness: 1/3 sluggish 
2018-04-05 11:45:37,951 [  19141]   INFO - penapi.project.DumbServiceImpl - Running dumb mode task: initial refresh 
2018-04-05 11:45:37,953 [  19143]   INFO - penapi.project.DumbServiceImpl - updateFinished 
2018-04-05 11:45:37,959 [  19149]   INFO - g.FileBasedIndexProjectHandler - Has changed files: false; project=Project '/Users/jackkenlay/IdeaProjects/untitled1' untitled1 
2018-04-05 11:45:38,401 [  19591]   INFO - j.ide.ui.OptionsTopHitProvider - 251 ms spent to cache options in project 
2018-04-05 11:45:38,425 [  19615]   INFO - penapi.project.DumbServiceImpl - Running dumb mode task: com.android.tools.idea.res.ResourceFolderRepositoryFileCacheImpl$PruneTask@528b8336 
2018-04-05 11:45:38,459 [  19649]   INFO - penapi.project.DumbServiceImpl - Running dumb mode task: com.android.tools.idea.res.ResourceFolderRepositoryFileCacheImpl$ManageLruProjectFilesTask@7c46712e 
2018-04-05 11:45:38,512 [  19702]   INFO - penapi.project.DumbServiceImpl - updateFinished 
2018-04-05 11:45:38,514 [  19704]   INFO - g.FileBasedIndexProjectHandler - Has changed files: false; project=Project '/Users/jackkenlay/IdeaProjects/untitled1' untitled1 
2018-04-05 11:45:38,539 [  19729]   INFO - penapi.project.DumbServiceImpl - Running dumb mode task: com.android.tools.idea.res.ResourceFolderRegistry$PopulateCachesTask@7388304 
2018-04-05 11:45:38,557 [  19747]   INFO - penapi.project.DumbServiceImpl - updateFinished 
2018-04-05 11:45:38,558 [  19748]   INFO - g.FileBasedIndexProjectHandler - Has changed files: false; project=Project '/Users/jackkenlay/IdeaProjects/untitled1' untitled1 
2018-04-05 11:45:38,876 [  20066]   INFO - CompilerWorkspaceConfiguration - Available processors: 4 
2018-04-05 11:46:27,991 [  69181]   INFO - penapi.project.DumbServiceImpl - Running dumb mode task: com.intellij.openapi.roots.impl.PushedFilePropertiesUpdaterImpl$3@29a978b1 
2018-04-05 11:46:28,001 [  69191]   INFO - penapi.project.DumbServiceImpl - Running dumb mode task: com.intellij.util.indexing.FileBasedIndexProjectHandler$4@1a56098f [Project '/Users/jackkenlay/IdeaProjects/untitled1' untitled1, %project_path%/src/rtrtghrth/clientlibs/site/.content.xml, %project_path%/src/rtrtghrth/clientlibs/site/js/rtrtghrth.js, %project_path%/src/jacks-component/_cq_dialog.xml, %project_path%/src/jacks-component/_cq_editConfig.xml, %project_path%/src/rtrtghrth/clientlibs/editor/.content.xml, %project_path%/src/jacks-component/.content.xml, %project_path%/src/jacks-component/jacks-component.html, %project_path%/src/jacks-component/clientlibs/site/css.txt, %project_path%/src/jacks-component/clientlibs/site/js.txt, %project_path%/src/jacks-component/clientlibs/site/.content.xml, %project_path%/src/jacks-component/clientlibs/site/js/jacks-component.js, %project_path%/src/jacks-component/clientlibs/editor/.content.xml, %project_path%/src/rtrtghrth/_cq_dialog.xml, %project_path%/src/rtrtghrth/_cq_editConfig.xml, %project_path%/src/rtrtghrth/rtrtghrth.html, %project_path%/src/rtrtghrth/.content.xml, %project_path%/src/rtrtghrth/clientlibs/site/css.txt, %project_path%/src/rtrtghrth/clientlibs/site/js.txt] 
2018-04-05 11:46:28,003 [  69193]   INFO - g.FileBasedIndexProjectHandler - Reindexing refreshed files: 18 to update, calculated in 1ms 
2018-04-05 11:46:28,199 [  69389]   INFO - .diagnostic.PerformanceWatcher - Reindexing refreshed files took 195ms; general responsiveness: ok; EDT responsiveness: ok 
2018-04-05 11:46:28,202 [  69392]   INFO - penapi.project.DumbServiceImpl - updateFinished 
2018-04-05 11:46:28,203 [  69393]   INFO - g.FileBasedIndexProjectHandler - Has changed files: false; project=Project '/Users/jackkenlay/IdeaProjects/untitled1' untitled1 
2018-04-05 11:46:38,728 [  79918]   INFO - rojectCodeStyleSettingsManager - Initialized from default code style settings. 
2018-04-05 11:46:39,643 [  80833]   INFO - tellij.xml.Html5SchemaProvider - HTML5_SCHEMA_LOCATION = /Users/jackkenlay/.gradle/caches/modules-2/files-2.1/com.jetbrains.intellij.idea/ideaIC/2018.1/d082978a55b398ef544e7daee1dd6228b88dbfc1/ideaIC-2018.1/lib/platform-impl.jar!/resources/html5-schema/html5.rnc 
2018-04-05 11:46:39,643 [  80833]   INFO - tellij.xml.Html5SchemaProvider - XHTML5_SCHEMA_LOCATION = /Users/jackkenlay/.gradle/caches/modules-2/files-2.1/com.jetbrains.intellij.idea/ideaIC/2018.1/d082978a55b398ef544e7daee1dd6228b88dbfc1/ideaIC-2018.1/lib/platform-impl.jar!/resources/html5-schema/xhtml5.rnc 
2018-04-05 11:46:39,643 [  80833]   INFO - tellij.xml.Html5SchemaProvider - CHARS_DTD_LOCATION = /Users/jackkenlay/.gradle/caches/modules-2/files-2.1/com.jetbrains.intellij.idea/ideaIC/2018.1/d082978a55b398ef544e7daee1dd6228b88dbfc1/ideaIC-2018.1/lib/platform-impl.jar!/resources/html5-schema/html5chars.ent 
2018-04-05 11:47:37,174 [ 138364]   INFO -       ScriptTemplatesProviders - [kts] loading script definitions [] using cp:  
2018-04-05 11:47:46,185 [ 147375]   INFO - stubs.SerializationManagerImpl - START StubSerializationManager SHUTDOWN 
2018-04-05 11:47:46,185 [ 147375]   INFO - stubs.SerializationManagerImpl - END StubSerializationManager SHUTDOWN 
2018-04-05 11:47:46,185 [ 147375]   INFO - il.indexing.FileBasedIndexImpl - START INDEX SHUTDOWN 
2018-04-05 11:47:46,207 [ 147397]   INFO - il.indexing.FileBasedIndexImpl - END INDEX SHUTDOWN 
2018-04-05 11:47:46,209 [ 147399]   INFO - org.jetbrains.io.BuiltInServer - web server stopped 
2018-04-05 11:47:46,211 [ 147401]   INFO - Types.impl.FileTypeManagerImpl - FileTypeManager: 0 auto-detected files
Elapsed time on auto-detect: 0 ms 
2018-04-05 11:47:46,218 [ 147408]   INFO - pl.local.NativeFileWatcherImpl - Watcher terminated with exit code 0 
2018-04-05 11:47:46,220 [ 147410]   INFO - newvfs.persistent.PersistentFS - VFS dispose started 
2018-04-05 11:47:46,224 [ 147414]   INFO - newvfs.persistent.PersistentFS - VFS dispose completed 
2018-04-05 11:47:46,227 [ 147417]   INFO - plication.impl.ApplicationImpl - Write action Statistics:
Event number:     31
Total time spent: 284ms
Average duration: 9ms
Median  duration: 2ms
Max  duration:    81ms (it was 'write action (class com.intellij.openapi.project.impl.ProjectManagerImpl$$Lambda$1896/538217830)') 
2018-04-05 11:47:46,231 [ 147421]   INFO - plication.impl.ApplicationImpl - AnAction.update() Statistics:
Event number:     13794
Total time spent: 865ms
Average duration: 0ms
Median  duration: 0ms
Max  duration:    361ms (it was 'Run context configuration action update (class com.intellij.execution.actions.RunContextAction)') 
2018-04-05 11:47:46,231 [ 147421]   INFO - plication.impl.ApplicationImpl - Global instance threads created counter = 8; ProcessIOExecutorService threads: 3 
2018-04-05 11:47:46,232 [ 147422]   INFO -        #com.intellij.idea.Main - ------------------------------------------------------ IDE SHUTDOWN ------------------------------------------------------ 
2018-04-05 11:47:46,233 [ 147423]   INFO - org.jetbrains.io.BuiltInServer - web server stopped 
2018-04-05 11:49:56,020 [      0]   INFO -        #com.intellij.idea.Main - ------------------------------------------------------ IDE STARTED ------------------------------------------------------ 
2018-04-05 11:49:56,567 [    547]   INFO -        #com.intellij.idea.Main - IDE: IntelliJ IDEA (build #IC-181.4203.550, 26 Mar 2018 21:56) 
2018-04-05 11:49:56,567 [    547]   INFO -        #com.intellij.idea.Main - OS: Mac OS X (10.13.3, x86_64) 
2018-04-05 11:49:56,567 [    547]   INFO -        #com.intellij.idea.Main - JRE: 1.8.0_152-release-1136-b20 (JetBrains s.r.o) 
2018-04-05 11:49:56,567 [    547]   INFO -        #com.intellij.idea.Main - JVM: 25.152-b20 (OpenJDK 64-Bit Server VM) 
2018-04-05 11:49:56,586 [    566]   INFO -        #com.intellij.idea.Main - JVM Args: -Dapple.laf.useScreenMenuBar=true -Didea.classpath.index.enabled=false -Didea.config.path=/Users/jackkenlay/personal/adobe-aem-plugin/build/idea-sandbox/config -Didea.is.internal=true -Didea.platform.prefix=Idea -Didea.plugins.path=/Users/jackkenlay/personal/adobe-aem-plugin/build/idea-sandbox/plugins -Didea.required.plugins.id=org.jetbrains -Didea.smooth.progress=false -Didea.system.path=/Users/jackkenlay/personal/adobe-aem-plugin/build/idea-sandbox/system -XX:MaxPermSize=250m -Xms256m -Xmx512m -Dfile.encoding=UTF-8 -Duser.country=GB -Duser.language=en -Duser.variant -ea 
2018-04-05 11:49:56,586 [    566]   INFO -        #com.intellij.idea.Main - ext: /Users/jackkenlay/.gradle/caches/modules-2/files-2.1/com.jetbrains/jbre/jbrex8u152b1136.20_osx_x64/jdk/Contents/Home/jre/lib/ext: [sunec.jar, nashorn.jar, cldrdata.jar, jfxrt.jar, dnsns.jar, localedata.jar, sunjce_provider.jar, meta-index, sunpkcs11.jar, jaccess.jar, zipfs.jar] 
2018-04-05 11:49:56,587 [    567]   INFO -        #com.intellij.idea.Main - ext: /System/Library/Java/Extensions: [MRJToolkit.jar] 
2018-04-05 11:49:56,587 [    567]   INFO -        #com.intellij.idea.Main - JNU charset: UTF-8 
2018-04-05 11:49:56,614 [    594]   INFO -        #com.intellij.idea.Main - JNA library (64-bit) loaded in 27 ms 
2018-04-05 11:49:56,639 [    619]   INFO -        #com.intellij.idea.Main - initializing environment 
2018-04-05 11:49:56,640 [    620]   INFO - .intellij.util.EnvironmentUtil - loading shell env: /bin/bash -l -i -c '/Users/jackkenlay/.gradle/caches/modules-2/files-2.1/com.jetbrains.intellij.idea/ideaIC/2018.1/d082978a55b398ef544e7daee1dd6228b88dbfc1/ideaIC-2018.1/bin/printenv.py' '/private/var/folders/jb/_qndynq176n17vdtygq80gsh0000gn/T/intellij-shell-env.tmp' 
2018-04-05 11:49:56,660 [    640]   INFO -     #com.intellij.util.ui.JBUI - User scale factor: 1.0 
2018-04-05 11:49:56,660 [    640]   INFO -     #com.intellij.util.ui.JBUI - System scale factor: 2.0 (JRE-managed HiDPI) 
2018-04-05 11:49:57,284 [   1264]   INFO - .intellij.util.EnvironmentUtil - shell environment loaded (20 vars) 
2018-04-05 11:49:58,237 [   2217]   INFO - .intellij.idea.IdeaApplication - CPU cores: 4; ForkJoinPool.commonPool: java.util.concurrent.ForkJoinPool@1de28e45[Running, parallelism = 3, size = 0, active = 0, running = 0, steals = 0, tasks = 0, submissions = 0]; factory: com.intellij.concurrency.IdeaForkJoinWorkerThreadFactory@615818c5 
2018-04-05 11:49:59,412 [   3392]   INFO - llij.ide.plugins.PluginManager - Cannot find optional descriptor duplicates-groovy.xml 
2018-04-05 11:49:59,938 [   3918]   INFO - llij.ide.plugins.PluginManager - 35 plugins initialized in 1168 ms 
2018-04-05 11:49:59,944 [   3924]   INFO - llij.ide.plugins.PluginManager - Loaded bundled plugins: Android Support (10.3.0), Ant Support (1.0), Bytecode Viewer (0.1), CVS Integration (11), Copyright (8.1), Coverage (181.4203.550), Eclipse Integration (3.0), EditorConfig (181.4203.550), Git Integration (8.1), GitHub (181.4203.550), Gradle (181.4203.550), Groovy (9.0), I18n for Java (181.4203.550), IDEA CORE (181.4203.550), IntelliLang (8.0), JUnit (1.0), Java Bytecode Decompiler (181.4203.550), Java Stream Debugger (181.4203.550), JavaFX (1.0), Kotlin (1.2.30-release-IJ2018.1-1), Maven Integration (181.4203.550), Mercurial Integration (10.0), Plugin DevKit (1.0), Properties Support (181.4203.550), Settings Repository (181.4203.550), Smali Support (1.0), Subversion Integration (1.1), Task Management (1.0), Terminal (0.1), TestNG-J (8.0), UI Designer (181.4203.550), XPathView + XSLT Support (4), XSLT-Debugger (1.4), YAML (181.4203.550) 
2018-04-05 11:49:59,944 [   3924]   INFO - llij.ide.plugins.PluginManager - Loaded custom plugins: my_plugin (1.0-SNAPSHOT) 
2018-04-05 11:50:01,106 [   5086]   INFO - ellij.util.io.PagedFileStorage - lower=100; upper=435; buffer=10; max=435 
2018-04-05 11:50:01,181 [   5161]   INFO - pl.local.NativeFileWatcherImpl - Starting file watcher: /Users/jackkenlay/.gradle/caches/modules-2/files-2.1/com.jetbrains.intellij.idea/ideaIC/2018.1/d082978a55b398ef544e7daee1dd6228b88dbfc1/ideaIC-2018.1/bin/mac/fsnotifier 
2018-04-05 11:50:01,208 [   5188]   INFO - pl.local.NativeFileWatcherImpl - Native file watcher is operational. 
2018-04-05 11:50:01,464 [   5444]   INFO - pi.util.registry.RegistryState - Registry values changed by user: 
2018-04-05 11:50:01,464 [   5444]   INFO - pi.util.registry.RegistryState -   java.completion.argument.hints.internal = false 
2018-04-05 11:50:02,015 [   5995]   WARN - nSystem.impl.ActionManagerImpl - keymap "Xcode" not found [Plugin: Git4Idea] 
2018-04-05 11:50:02,060 [   6040]   WARN - nSystem.impl.ActionManagerImpl - keymap "Xcode" not found [Plugin: hg4idea] 
2018-04-05 11:50:02,377 [   6357]   INFO - .openapi.application.Preloader - Finished preloading com.intellij.ide.ui.OptionsTopHitProvider$Activity@53d064b4 
2018-04-05 11:50:02,638 [   6618]   INFO - til.net.ssl.CertificateManager - Default SSL context initialized 
2018-04-05 11:50:02,661 [   6641]   INFO - rains.ide.BuiltInServerManager - built-in server started, port 63343 
2018-04-05 11:50:02,764 [   6744]   INFO - gs.impl.UpdateCheckerComponent - channel: release 
2018-04-05 11:50:03,048 [   7028]   INFO - il.indexing.FileBasedIndexImpl - Index exts enumerated:218, number of extensions:44 
2018-04-05 11:50:03,054 [   7034]   INFO - il.indexing.FileBasedIndexImpl - Index scheduled:6 
2018-04-05 11:50:03,086 [   7066]   INFO - tellij.psi.stubs.StubIndexImpl - All stub exts enumerated:26, number of extensions:49 
2018-04-05 11:50:03,087 [   7067]   INFO - tellij.psi.stubs.StubIndexImpl - stub exts update scheduled:0 
2018-04-05 11:50:03,646 [   7626]   INFO - plication.impl.ApplicationImpl - 89 application components initialized in 4881ms 
2018-04-05 11:50:03,686 [   7666]   INFO - .intellij.idea.IdeaApplication - App initialization took 8900 ms 
2018-04-05 11:50:03,688 [   7668]   INFO - llij.ide.plugins.PluginManager - org.jetbrains.kotlin loaded 458 classes 
2018-04-05 11:50:03,688 [   7668]   INFO - llij.ide.plugins.PluginManager - org.intellij.groovy loaded 175 classes 
2018-04-05 11:50:03,688 [   7668]   INFO - llij.ide.plugins.PluginManager - org.jetbrains.android loaded 144 classes 
2018-04-05 11:50:03,688 [   7668]   INFO - llij.ide.plugins.PluginManager - org.jetbrains.idea.maven loaded 55 classes 
2018-04-05 11:50:03,688 [   7668]   INFO - llij.ide.plugins.PluginManager - CVS loaded 40 classes 
2018-04-05 11:50:03,688 [   7668]   INFO - llij.ide.plugins.PluginManager - org.jetbrains.settingsRepository loaded 31 classes 
2018-04-05 11:50:03,688 [   7668]   INFO - llij.ide.plugins.PluginManager - com.intellij.properties loaded 28 classes 
2018-04-05 11:50:03,689 [   7669]   INFO - llij.ide.plugins.PluginManager - com.intellij.tasks loaded 22 classes 
2018-04-05 11:50:03,689 [   7669]   INFO - llij.ide.plugins.PluginManager - hg4idea loaded 21 classes 
2018-04-05 11:50:03,689 [   7669]   INFO - llij.ide.plugins.PluginManager - Git4Idea loaded 20 classes 
2018-04-05 11:50:03,689 [   7669]   INFO - llij.ide.plugins.PluginManager - com.intellij.uiDesigner loaded 19 classes 
2018-04-05 11:50:03,689 [   7669]   INFO - llij.ide.plugins.PluginManager - Subversion loaded 15 classes 
2018-04-05 11:50:03,689 [   7669]   INFO - llij.ide.plugins.PluginManager - XPathView loaded 14 classes 
2018-04-05 11:50:03,689 [   7669]   INFO - llij.ide.plugins.PluginManager - org.jetbrains.plugins.github loaded 12 classes 
2018-04-05 11:50:03,689 [   7669]   INFO - llij.ide.plugins.PluginManager - org.jetbrains.plugins.yaml loaded 12 classes 
2018-04-05 11:50:03,689 [   7669]   INFO - llij.ide.plugins.PluginManager - org.jetbrains.plugins.javaFX loaded 11 classes 
2018-04-05 11:50:03,689 [   7669]   INFO - llij.ide.plugins.PluginManager - org.jetbrains.plugins.gradle loaded 9 classes 
2018-04-05 11:50:03,689 [   7669]   INFO - llij.ide.plugins.PluginManager - AntSupport loaded 7 classes 
2018-04-05 11:50:03,689 [   7669]   INFO - llij.ide.plugins.PluginManager - DevKit loaded 6 classes 
2018-04-05 11:50:03,689 [   7669]   INFO - llij.ide.plugins.PluginManager - com.android.tools.idea.smali loaded 5 classes 
2018-04-05 11:50:03,689 [   7669]   INFO - llij.ide.plugins.PluginManager - org.jetbrains.idea.eclipse loaded 2 classes 
2018-04-05 11:50:03,689 [   7669]   INFO - llij.ide.plugins.PluginManager - com.intellij.copyright loaded 1 classes 
2018-04-05 11:50:03,689 [   7669]   INFO - llij.ide.plugins.PluginManager - Coverage loaded 1 classes 
2018-04-05 11:50:04,384 [   8364]   INFO - pl$FileIndexDataInitialization - Initialization done:1329 
2018-04-05 11:50:04,560 [   8540]   INFO - com.intellij.ide.ui.UISettings - Loaded: fontSize=12, fontScale=1.0; restored: fontSize=12, fontScale=1.0 
2018-04-05 11:50:04,712 [   8692]   INFO - exImpl$StubIndexInitialization - Initialization done:327 
2018-04-05 11:50:05,023 [   9003]   INFO - j.ide.ui.OptionsTopHitProvider - 672 ms spent to cache options in application 
2018-04-05 11:50:05,695 [   9675]   INFO - .openapi.application.Preloader - Finished preloading com.intellij.openapi.actionSystem.impl.ActionPreloader@4981fda1 
2018-04-05 11:50:07,277 [  11257]   INFO - .openapi.application.Preloader - Finished preloading com.intellij.ide.ui.search.SearchableOptionPreloader@49c3c1da 
2018-04-05 11:50:07,785 [  11765]   INFO - .openapi.application.Preloader - Finished preloading com.intellij.codeInsight.completion.CompletionPreloader@1713d054 
2018-04-05 11:50:07,788 [  11768]   INFO - .openapi.application.Preloader - Finished preloading com.intellij.ide.actions.GotoClassPresentationUpdater@27f8650a 
2018-04-05 11:50:08,922 [  12902]   INFO - ellij.project.impl.ProjectImpl - 154 project components initialized in 2137 ms 
2018-04-05 11:50:09,139 [  13119]   INFO - le.impl.ModuleManagerComponent - 1 module(s) loaded in 216 ms 
2018-04-05 11:50:09,291 [  13271]   INFO - j.ide.script.IdeStartupScripts - 0 startup script(s) found 
2018-04-05 11:50:09,379 [  13359]   WARN - j.ui.mac.MacMainFrameDecorator - no url bundle present. 
To use platform protocol handler to open external links specify required protocols in the mac app layout section of the build file
Example: args.urlSchemes = ["your-protocol"] will handle following links: your-protocol://open?file=file&line=line 
2018-04-05 11:50:10,102 [  14082]   INFO - ellij.project.impl.ProjectImpl - 20 project components initialized in 19 ms 
2018-04-05 11:50:10,179 [  14159]   INFO - ntellij.internal.IconsLoadTime - PNG load time: total=44.88ms, average=0.45ms, median=0.34ms; number of icons: 100 
2018-04-05 11:50:10,265 [  14245]   INFO - CompilerBackwardReferenceIndex - backward reference index version differ due to: class java.io.FileNotFoundException 
2018-04-05 11:50:10,714 [  14694]   INFO - ntellij.internal.IconsLoadTime - PNG load time: ide_startup=49.49ms, average=0.43ms, median=0.26ms; number of icons: 114 
2018-04-05 11:50:10,802 [  14782]   INFO - penapi.project.DumbServiceImpl - Running dumb mode task: com.intellij.util.indexing.UnindexedFilesUpdater@529b7991 
2018-04-05 11:50:10,840 [  14820]   INFO - .diagnostic.PerformanceWatcher - Pushing properties took 37ms; general responsiveness: ok; EDT responsiveness: ok 
2018-04-05 11:50:11,324 [  15304]   INFO - rojectCodeStyleSettingsManager - Initialized from default code style settings. 
2018-04-05 11:50:12,388 [  16368]   INFO - tartup.impl.StartupManagerImpl - OpenFilesActivity run in 1666ms under project opening modal progress 
2018-04-05 11:50:12,483 [  16463]   INFO - ge.ExternalProjectsDataStorage - Loaded external projects data in 6 millis 
2018-04-05 11:50:12,516 [  16496]   INFO - .diagnostic.PerformanceWatcher - Post-startup activities under progress took 1839ms; general responsiveness: ok; EDT responsiveness: 0/2 sluggish, 1/2 very slow 
2018-04-05 11:50:13,276 [  17256]   INFO - tartup.impl.StartupManagerImpl - /Users/jackkenlay/IdeaProjects/untitled1/.idea case-sensitivity: expected=false actual=false 
2018-04-05 11:50:13,288 [  17268]   INFO - pl.projectlevelman.NewMappings - VCS Root: [] - [<Project>] 
2018-04-05 11:50:13,864 [  17844]   INFO - tor.impl.FileEditorManagerImpl - Project opening took 7101 ms 
2018-04-05 11:50:13,864 [  17844]   INFO - llij.ide.plugins.PluginManager - org.jetbrains.kotlin loaded 2253 classes 
2018-04-05 11:50:13,865 [  17845]   INFO - llij.ide.plugins.PluginManager - org.jetbrains.android loaded 1332 classes 
2018-04-05 11:50:13,865 [  17845]   INFO - llij.ide.plugins.PluginManager - org.intellij.groovy loaded 524 classes 
2018-04-05 11:50:13,865 [  17845]   INFO - llij.ide.plugins.PluginManager - org.jetbrains.idea.maven loaded 211 classes 
2018-04-05 11:50:13,865 [  17845]   INFO - llij.ide.plugins.PluginManager - com.intellij.uiDesigner loaded 210 classes 
2018-04-05 11:50:13,865 [  17845]   INFO - llij.ide.plugins.PluginManager - Git4Idea loaded 112 classes 
2018-04-05 11:50:13,865 [  17845]   INFO - llij.ide.plugins.PluginManager - org.jetbrains.debugger.streams loaded 107 classes 
2018-04-05 11:50:13,865 [  17845]   INFO - llij.ide.plugins.PluginManager - com.intellij.tasks loaded 104 classes 
2018-04-05 11:50:13,865 [  17845]   INFO - llij.ide.plugins.PluginManager - CVS loaded 81 classes 
2018-04-05 11:50:13,865 [  17845]   INFO - llij.ide.plugins.PluginManager - XPathView loaded 70 classes 
2018-04-05 11:50:13,865 [  17845]   INFO - llij.ide.plugins.PluginManager - org.jetbrains.plugins.gradle loaded 63 classes 
2018-04-05 11:50:13,865 [  17845]   INFO - llij.ide.plugins.PluginManager - com.intellij.properties loaded 61 classes 
2018-04-05 11:50:13,865 [  17845]   INFO - llij.ide.plugins.PluginManager - Subversion loaded 58 classes 
2018-04-05 11:50:13,865 [  17845]   INFO - llij.ide.plugins.PluginManager - hg4idea loaded 46 classes 
2018-04-05 11:50:13,865 [  17845]   INFO - llij.ide.plugins.PluginManager - DevKit loaded 45 classes 
2018-04-05 11:50:13,865 [  17845]   INFO - llij.ide.plugins.PluginManager - org.jetbrains.settingsRepository loaded 37 classes 
2018-04-05 11:50:13,865 [  17845]   INFO - llij.ide.plugins.PluginManager - Coverage loaded 36 classes 
2018-04-05 11:50:13,865 [  17845]   INFO - llij.ide.plugins.PluginManager - AntSupport loaded 30 classes 
2018-04-05 11:50:13,865 [  17845]   INFO - llij.ide.plugins.PluginManager - org.jetbrains.plugins.javaFX loaded 26 classes 
2018-04-05 11:50:13,865 [  17845]   INFO - llij.ide.plugins.PluginManager - org.jetbrains.plugins.github loaded 23 classes 
2018-04-05 11:50:13,865 [  17845]   INFO - llij.ide.plugins.PluginManager - org.jetbrains.plugins.yaml loaded 18 classes 
2018-04-05 11:50:13,865 [  17845]   INFO - llij.ide.plugins.PluginManager - org.editorconfig.editorconfigjetbrains loaded 16 classes 
2018-04-05 11:50:13,865 [  17845]   INFO - llij.ide.plugins.PluginManager - JUnit loaded 14 classes 
2018-04-05 11:50:13,865 [  17845]   INFO - llij.ide.plugins.PluginManager - TestNG-J loaded 13 classes 
2018-04-05 11:50:13,865 [  17845]   INFO - llij.ide.plugins.PluginManager - org.jetbrains.plugins.terminal loaded 11 classes 
2018-04-05 11:50:13,865 [  17845]   INFO - llij.ide.plugins.PluginManager - org.jetbrains.java.decompiler loaded 7 classes 
2018-04-05 11:50:13,865 [  17845]   INFO - llij.ide.plugins.PluginManager - org.intellij.intelliLang loaded 6 classes 
2018-04-05 11:50:13,865 [  17845]   INFO - llij.ide.plugins.PluginManager - com.intellij.copyright loaded 6 classes 
2018-04-05 11:50:13,865 [  17845]   INFO - llij.ide.plugins.PluginManager - org.jetbrains.idea.eclipse loaded 5 classes 
2018-04-05 11:50:13,865 [  17845]   INFO - llij.ide.plugins.PluginManager - com.android.tools.idea.smali loaded 5 classes 
2018-04-05 11:50:13,865 [  17845]   INFO - llij.ide.plugins.PluginManager - com.intellij.java-i18n loaded 4 classes 
2018-04-05 11:50:13,865 [  17845]   INFO - llij.ide.plugins.PluginManager - XSLT-Debugger loaded 2 classes 
2018-04-05 11:50:13,865 [  17845]   INFO - llij.ide.plugins.PluginManager - ByteCodeViewer loaded 2 classes 
2018-04-05 11:50:13,866 [  17846]   INFO - llij.ide.plugins.PluginManager - org.jetbrains loaded 1 classes 
2018-04-05 11:50:14,197 [  18177]   INFO - .diagnostic.PerformanceWatcher - Indexable file iteration took 3353ms; general responsiveness: ok; EDT responsiveness: 0/3 sluggish, 1/3 very slow 
2018-04-05 11:50:14,205 [  18185]   INFO - penapi.project.DumbServiceImpl - Running dumb mode task: initial refresh 
2018-04-05 11:50:14,207 [  18187]   INFO - penapi.project.DumbServiceImpl - updateFinished 
2018-04-05 11:50:14,213 [  18193]   INFO - g.FileBasedIndexProjectHandler - Has changed files: false; project=Project '/Users/jackkenlay/IdeaProjects/untitled1' untitled1 
2018-04-05 11:50:15,180 [  19160]   INFO - j.ide.ui.OptionsTopHitProvider - 255 ms spent to cache options in project 
2018-04-05 11:50:15,207 [  19187]   INFO - penapi.project.DumbServiceImpl - Running dumb mode task: com.android.tools.idea.res.ResourceFolderRepositoryFileCacheImpl$PruneTask@70ac97ef 
2018-04-05 11:50:15,270 [  19250]   INFO - penapi.project.DumbServiceImpl - Running dumb mode task: com.android.tools.idea.res.ResourceFolderRepositoryFileCacheImpl$ManageLruProjectFilesTask@311fcc79 
2018-04-05 11:50:15,389 [  19369]   INFO - penapi.project.DumbServiceImpl - updateFinished 
2018-04-05 11:50:15,391 [  19371]   INFO - g.FileBasedIndexProjectHandler - Has changed files: false; project=Project '/Users/jackkenlay/IdeaProjects/untitled1' untitled1 
2018-04-05 11:50:15,435 [  19415]   INFO - penapi.project.DumbServiceImpl - Running dumb mode task: com.android.tools.idea.res.ResourceFolderRegistry$PopulateCachesTask@33f80602 
2018-04-05 11:50:15,489 [  19469]   INFO - penapi.project.DumbServiceImpl - updateFinished 
2018-04-05 11:50:15,490 [  19470]   INFO - g.FileBasedIndexProjectHandler - Has changed files: false; project=Project '/Users/jackkenlay/IdeaProjects/untitled1' untitled1 
2018-04-05 11:50:15,803 [  19783]   INFO - CompilerWorkspaceConfiguration - Available processors: 4 
2018-04-05 11:50:17,057 [  21037]   INFO -       ScriptTemplatesProviders - [kts] loading script definitions [] using cp:  
2018-04-05 11:50:39,329 [  43309]   INFO - penapi.project.DumbServiceImpl - Running dumb mode task: com.intellij.openapi.roots.impl.PushedFilePropertiesUpdaterImpl$3@7f394a3d 
2018-04-05 11:50:39,380 [  43360]   INFO - penapi.project.DumbServiceImpl - updateFinished 
2018-04-05 11:50:39,381 [  43361]   INFO - g.FileBasedIndexProjectHandler - Has changed files: false; project=Project '/Users/jackkenlay/IdeaProjects/untitled1' untitled1 
2018-04-05 12:11:23,124 [1287104]   INFO - tellij.xml.Html5SchemaProvider - HTML5_SCHEMA_LOCATION = /Users/jackkenlay/.gradle/caches/modules-2/files-2.1/com.jetbrains.intellij.idea/ideaIC/2018.1/d082978a55b398ef544e7daee1dd6228b88dbfc1/ideaIC-2018.1/lib/platform-impl.jar!/resources/html5-schema/html5.rnc 
2018-04-05 12:11:23,126 [1287106]   INFO - tellij.xml.Html5SchemaProvider - XHTML5_SCHEMA_LOCATION = /Users/jackkenlay/.gradle/caches/modules-2/files-2.1/com.jetbrains.intellij.idea/ideaIC/2018.1/d082978a55b398ef544e7daee1dd6228b88dbfc1/ideaIC-2018.1/lib/platform-impl.jar!/resources/html5-schema/xhtml5.rnc 
2018-04-05 12:11:23,126 [1287106]   INFO - tellij.xml.Html5SchemaProvider - CHARS_DTD_LOCATION = /Users/jackkenlay/.gradle/caches/modules-2/files-2.1/com.jetbrains.intellij.idea/ideaIC/2018.1/d082978a55b398ef544e7daee1dd6228b88dbfc1/ideaIC-2018.1/lib/platform-impl.jar!/resources/html5-schema/html5chars.ent 
2018-04-05 12:15:02,011 [1505991]   INFO - stubs.SerializationManagerImpl - START StubSerializationManager SHUTDOWN 
2018-04-05 12:15:02,011 [1505991]   INFO - stubs.SerializationManagerImpl - END StubSerializationManager SHUTDOWN 
2018-04-05 12:15:02,011 [1505991]   INFO - il.indexing.FileBasedIndexImpl - START INDEX SHUTDOWN 
2018-04-05 12:15:02,050 [1506030]   INFO - il.indexing.FileBasedIndexImpl - END INDEX SHUTDOWN 
2018-04-05 12:15:02,081 [1506061]   INFO - org.jetbrains.io.BuiltInServer - web server stopped 
2018-04-05 12:15:02,089 [1506069]   INFO - Types.impl.FileTypeManagerImpl - FileTypeManager: 0 auto-detected files
Elapsed time on auto-detect: 0 ms 
2018-04-05 12:15:02,101 [1506081]   INFO - pl.local.NativeFileWatcherImpl - Watcher terminated with exit code 0 
2018-04-05 12:15:02,104 [1506084]   INFO - newvfs.persistent.PersistentFS - VFS dispose started 
2018-04-05 12:15:02,114 [1506094]   INFO - newvfs.persistent.PersistentFS - VFS dispose completed 
2018-04-05 12:15:02,115 [1506095]   INFO - plication.impl.ApplicationImpl - Write action Statistics:
Event number:     50
Total time spent: 726ms
Average duration: 14ms
Median  duration: 4ms
Max  duration:    114ms (it was 'write action (class com.intellij.ide.util.DeleteHandler$$Lambda$1589/386221422)') 
2018-04-05 12:15:02,119 [1506099]   INFO - plication.impl.ApplicationImpl - AnAction.update() Statistics:
Event number:     82556
Total time spent: 1182ms
Average duration: 0ms
Median  duration: 0ms
Max  duration:    326ms (it was 'Run context configuration action update (class com.intellij.execution.actions.RunContextAction)') 
2018-04-05 12:15:02,119 [1506099]   INFO - plication.impl.ApplicationImpl - Global instance threads created counter = 16; ProcessIOExecutorService threads: 3 
2018-04-05 12:15:02,120 [1506100]   INFO -        #com.intellij.idea.Main - ------------------------------------------------------ IDE SHUTDOWN ------------------------------------------------------ 
2018-04-05 12:15:02,121 [1506101]   INFO - org.jetbrains.io.BuiltInServer - web server stopped 
